
Processing fit_atmo.C...
Fitting base range (-1 - 3):
Best fit for nominal range (-1-3): range=(-1-3), offset=1207.28, scale=992954
Fitting base range (3 - 7):
Best fit for nominal range (3-7): range=(3-7), offset=1185.05, scale=970738
Fitting base range (7 - 11):
Best fit for nominal range (7-11): range=(7-11), offset=1162.25, scale=882099
Fitting base range (11 - 16):
Best fit for nominal range (11-16): range=(11-16), offset=1296.06, scale=679946
Fitting base range (16 - 22):
Best fit for nominal range (16-22): range=(16-22), offset=1542.98, scale=603238
Fitting base range (22 - 28):
Best fit for nominal range (22-28): range=(22-28), offset=1525.25, scale=603548
Fitting base range (28 - 35):
Best fit for nominal range (28-35): range=(28-35), offset=1190.93, scale=648494
Fitting base range (35 - 40):
Best fit for nominal range (35-40): range=(35-40), offset=894.075, scale=690916
Fitting base range (45 - 50):
Best fit for nominal range (45-50): range=(45-50), offset=1408.72, scale=643872
Fitting base range (50 - 60):
Best fit for nominal range (50-60): range=(50-60), offset=300.655, scale=825221
Fitting base range (60 - 70):
Best fit for nominal range (60-70): range=(60-70), offset=559.21, scale=751379
Fitting base range (70 - 80):
Best fit for nominal range (70-80): range=(70-80), offset=1677.64, scale=664070
Fitting base range (80 - 90):
Best fit for nominal range (80-90): range=(80-90), offset=1000, scale=691917
Fitting base range (90 - 100):
Best fit for nominal range (90-100): range=(90-100), offset=1100, scale=678011
Fitting base range (100 - 120):
Best fit for nominal range (100-120): range=(100-120), offset=1200, scale=658996
(int) 0
